<?xml version="1.0" encoding="UTF-8"?>
<!-- Generated by org.testng.reporters.JUnitReportReporter -->
<testsuite hostname="DESKTOP-H8CVTN4" failures="0" tests="25" name="runner.TestNGrunner" time="706.708" errors="0" timestamp="2024-05-01T01:45:10 EDT" skipped="0">
  <testcase classname="runner.TestNGrunner" name="runScenario" time="25.156"/>
  <testcase classname="runner.TestNGrunner" name="runScenario" time="29.767"/>
  <testcase classname="runner.TestNGrunner" name="runScenario" time="23.767"/>
  <testcase classname="runner.TestNGrunner" name="runScenario" time="22.599"/>
  <testcase classname="runner.TestNGrunner" name="runScenario" time="29.005"/>
  <testcase classname="runner.TestNGrunner" name="runScenario" time="27.117"/>
  <testcase classname="runner.TestNGrunner" name="runScenario" time="29.776"/>
  <testcase classname="runner.TestNGrunner" name="runScenario" time="32.029"/>
  <testcase classname="runner.TestNGrunner" name="runScenario" time="31.943"/>
  <testcase classname="runner.TestNGrunner" name="runScenario" time="20.656"/>
  <testcase classname="runner.TestNGrunner" name="runScenario" time="34.499"/>
  <testcase classname="runner.TestNGrunner" name="runScenario" time="22.787"/>
  <testcase classname="runner.TestNGrunner" name="runScenario" time="18.468"/>
  <testcase classname="runner.TestNGrunner" name="runScenario" time="31.455"/>
  <testcase classname="runner.TestNGrunner" name="runScenario" time="60.966"/>
  <testcase classname="runner.TestNGrunner" name="runScenario" time="25.488"/>
  <testcase classname="runner.TestNGrunner" name="runScenario" time="17.804"/>
  <testcase classname="runner.TestNGrunner" name="runScenario" time="27.658"/>
  <testcase classname="runner.TestNGrunner" name="runScenario" time="28.936"/>
  <testcase classname="runner.TestNGrunner" name="runScenario" time="22.504"/>
  <testcase classname="runner.TestNGrunner" name="runScenario" time="34.237"/>
  <testcase classname="runner.TestNGrunner" name="runScenario" time="25.535"/>
  <testcase classname="runner.TestNGrunner" name="runScenario" time="30.998"/>
  <testcase classname="runner.TestNGrunner" name="runScenario" time="20.993"/>
  <testcase classname="runner.TestNGrunner" name="runScenario" time="32.565"/>
</testsuite> <!-- runner.TestNGrunner -->
